<?xml version="1.0" encoding="UTF-8"?>
<!-- Generated by org.testng.reporters.JUnitXMLReporter -->
<testsuite ignored="1" hostname="Bharani-PC" failures="0" tests="2" name="BikeLoan" time="0.005" errors="0" timestamp="2022-05-16T13:35:20 IST">
  <testcase classname="udemy.excersise4" name="aPIBikeLoan" time="0.001"/>
  <testcase classname="udemy.excersise4" name="webBikeLoan" time="0.001"/>
  <testcase classname="udemy.excersise4" name="mobBikeLoan" time="0.0">
    <ignored/>
  </testcase> <!-- mobBikeLoan -->
</testsuite> <!-- BikeLoan -->
