<?xml version="1.0" encoding="UTF-8"?>
<!-- Generated by org.testng.reporters.JUnitXMLReporter -->
<testsuite ignored="1" hostname="Bharani-PC" failures="0" tests="2" name="carLoan" time="0.004" errors="0" timestamp="2022-05-16T13:35:20 IST">
  <testcase classname="udemy.excersie3" name="aPICarLoan" time="0.001"/>
  <testcase classname="udemy.excersie3" name="webCarLoan" time="0.0"/>
  <testcase classname="udemy.excersie3" name="mobCarLoan" time="0.0">
    <ignored/>
  </testcase> <!-- mobCarLoan -->
</testsuite> <!-- carLoan -->
