<?xml version="1.0" encoding="UTF-8"?>
<!-- Generated by org.testng.reporters.JUnitXMLReporter -->
<testsuite ignored="9" hostname="Bharani-PC" failures="0" tests="4" name="Test" time="0.108" errors="0" timestamp="2022-05-16T19:02:36 IST">
  <testcase classname="udemy.excersie1" name="method4" time="0.017"/>
  <testcase classname="udemy.excersie2" name="method4" time="0.002"/>
  <testcase classname="udemy.excersie3" name="method4" time="0.002"/>
  <testcase classname="udemy.excersise4" name="method4" time="0.003"/>
  <testcase classname="udemy.excersie1" name="method2" time="0.0">
    <ignored/>
  </testcase> <!-- method2 -->
  <testcase classname="udemy.excersie2" name="method1" time="0.0">
    <ignored/>
  </testcase> <!-- method1 -->
  <testcase classname="udemy.excersie1" name="method1" time="0.0">
    <ignored/>
  </testcase> <!-- method1 -->
  <testcase classname="udemy.excersie3" name="mobCarLoan" time="0.0">
    <ignored/>
  </testcase> <!-- mobCarLoan -->
  <testcase classname="udemy.excersise4" name="webBikeLoan" time="0.0">
    <ignored/>
  </testcase> <!-- webBikeLoan -->
  <testcase classname="udemy.excersise4" name="aPIBikeLoan" time="0.0">
    <ignored/>
  </testcase> <!-- aPIBikeLoan -->
  <testcase classname="udemy.excersie3" name="aPICarLoan" time="0.0">
    <ignored/>
  </testcase> <!-- aPICarLoan -->
  <testcase classname="udemy.excersise4" name="mobBikeLoan" time="0.0">
    <ignored/>
  </testcase> <!-- mobBikeLoan -->
  <testcase classname="udemy.excersie3" name="webCarLoan" time="0.0">
    <ignored/>
  </testcase> <!-- webCarLoan -->
</testsuite> <!-- Test -->
