<?xml version="1.0" encoding="UTF-8"?>
<!-- Generated by org.testng.reporters.JUnitXMLReporter -->
<testsuite ignored="0" hostname="Bharani-PC" failures="0" tests="6" name="Test1" time="0.117" errors="0" timestamp="2022-05-18T07:23:37 IST">
  <testcase classname="udemy.practice2" name="accMethod" time="0.013"/>
  <testcase classname="udemy.practice2" name="accMethod" time="0.002"/>
  <testcase classname="udemy.practice2" name="accMethod" time="0.003"/>
  <testcase classname="udemy.practice2" name="mobMethod" time="0.001"/>
  <testcase classname="udemy.practice2" name="mobMethod" time="0.001"/>
  <testcase classname="udemy.practice2" name="mobMethod" time="0.001"/>
</testsuite> <!-- Test1 -->
