<?xml version="1.0" encoding="UTF-8"?>
<!-- Generated by org.testng.reporters.JUnitXMLReporter -->
<testsuite ignored="0" hostname="Bharani-PC" failures="0" tests="6" name="TestOne" time="0.109" errors="0" timestamp="2022-05-17T19:26:17 IST">
  <testcase classname="udemy.practice2" name="accMethod" time="0.011"/>
  <testcase classname="udemy.practice2" name="accMethod" time="0.002"/>
  <testcase classname="udemy.practice2" name="accMethod" time="0.002"/>
  <testcase classname="udemy.practice2" name="mobMethod" time="0.002"/>
  <testcase classname="udemy.practice2" name="mobMethod" time="0.001"/>
  <testcase classname="udemy.practice2" name="mobMethod" time="0.001"/>
</testsuite> <!-- TestOne -->
